<?xml version="1.0" encoding="UTF-8"?>
<!-- Generated by org.testng.reporters.JUnitReportReporter -->
<testsuite hostname="WKWIN8447711" failures="0" tests="1" name="com.sample.ActiveMQ.GetAllCustomerTest" time="1.436" errors="0" timestamp="19 Aug 2021 14:54:16 GMT">
  <testcase classname="com.sample.ActiveMQ.GetAllCustomerTest" name="GetCustomerFound_positive" time="1.436"/>
</testsuite> <!-- com.sample.ActiveMQ.GetAllCustomerTest -->
