<?xml version="1.0" encoding="UTF-8"?>
<!-- Generated by org.testng.reporters.JUnitReportReporter -->
<testsuite hostname="WKWIN8447711" failures="0" tests="2" name="com.sample.ActiveMQ.GetCustomerDetails" time="0.133" errors="0" timestamp="19 Aug 2021 14:54:16 GMT">
  <testcase classname="com.sample.ActiveMQ.GetCustomerDetails" name="GetCustomerFound_positive" time="0.072"/>
  <testcase classname="com.sample.ActiveMQ.GetCustomerDetails" name="GetCustomerFound_notFound" time="0.061"/>
</testsuite> <!-- com.sample.ActiveMQ.GetCustomerDetails -->
